  claseGrupal.cpp
  cliente.cpp
C:\Users\ailem\OneDrive\Documentos\GitHub\Proyecto_1_Gimnasio_PowerLab\Project1\fecha.h(19,10): error C3646: 'toString': especificador de invalidación desconocido
  (compilando archivo de origen "cliente.cpp")
  
C:\Users\ailem\OneDrive\Documentos\GitHub\Proyecto_1_Gimnasio_PowerLab\Project1\fecha.h(19,18): error C2059: error de sintaxis: '('
  (compilando archivo de origen "cliente.cpp")
  
C:\Users\ailem\OneDrive\Documentos\GitHub\Proyecto_1_Gimnasio_PowerLab\Project1\fecha.h(19,20): error C2238: símbolos (token) inesperados delante de ';'
  (compilando archivo de origen "cliente.cpp")
  
C:\Users\ailem\OneDrive\Documentos\GitHub\Proyecto_1_Gimnasio_PowerLab\Project1\cliente.cpp(2,10): error C2511: 'cliente::cliente(int,int,std::string,std::string,char,std::string,std::string,instructor *)': la función miembro sobrecargada no se ha encontrado en 'cliente'
      C:\Users\ailem\OneDrive\Documentos\GitHub\Proyecto_1_Gimnasio_PowerLab\Project1\cliente.h(12,7):
      vea la declaración de 'cliente'
  
C:\Users\ailem\OneDrive\Documentos\GitHub\Proyecto_1_Gimnasio_PowerLab\Project1\cliente.cpp(3,2): error C2671: 'cliente::{ctor}': las funciones miembro static no tienen punteros 'this'
C:\Users\ailem\OneDrive\Documentos\GitHub\Proyecto_1_Gimnasio_PowerLab\Project1\cliente.cpp(4,2): error C2671: 'cliente::{ctor}': las funciones miembro static no tienen punteros 'this'
C:\Users\ailem\OneDrive\Documentos\GitHub\Proyecto_1_Gimnasio_PowerLab\Project1\cliente.cpp(5,2): error C2671: 'cliente::{ctor}': las funciones miembro static no tienen punteros 'this'
C:\Users\ailem\OneDrive\Documentos\GitHub\Proyecto_1_Gimnasio_PowerLab\Project1\cliente.cpp(6,2): error C2671: 'cliente::{ctor}': las funciones miembro static no tienen punteros 'this'
C:\Users\ailem\OneDrive\Documentos\GitHub\Proyecto_1_Gimnasio_PowerLab\Project1\cliente.cpp(7,2): error C2671: 'cliente::{ctor}': las funciones miembro static no tienen punteros 'this'
C:\Users\ailem\OneDrive\Documentos\GitHub\Proyecto_1_Gimnasio_PowerLab\Project1\cliente.cpp(8,2): error C2671: 'cliente::{ctor}': las funciones miembro static no tienen punteros 'this'
C:\Users\ailem\OneDrive\Documentos\GitHub\Proyecto_1_Gimnasio_PowerLab\Project1\cliente.cpp(9,2): error C2671: 'cliente::{ctor}': las funciones miembro static no tienen punteros 'this'
C:\Users\ailem\OneDrive\Documentos\GitHub\Proyecto_1_Gimnasio_PowerLab\Project1\cliente.cpp(10,2): error C2671: 'cliente::{ctor}': las funciones miembro static no tienen punteros 'this'
C:\Users\ailem\OneDrive\Documentos\GitHub\Proyecto_1_Gimnasio_PowerLab\Project1\cliente.cpp(13,11): error C2600: 'cliente::~cliente': no se puede definir una función miembro especial generada por el compilador (se debe declarar primero en la clase)
C:\Users\ailem\OneDrive\Documentos\GitHub\Proyecto_1_Gimnasio_PowerLab\Project1\cliente.cpp(17,14): error C2509: 'getCedula': función miembro no declarada en 'cliente'
      C:\Users\ailem\OneDrive\Documentos\GitHub\Proyecto_1_Gimnasio_PowerLab\Project1\cliente.h(12,7):
      vea la declaración de 'cliente'
  
C:\Users\ailem\OneDrive\Documentos\GitHub\Proyecto_1_Gimnasio_PowerLab\Project1\cliente.cpp(20,14): error C2039: "getTelefono": no es un miembro de "cliente"
      C:\Users\ailem\OneDrive\Documentos\GitHub\Proyecto_1_Gimnasio_PowerLab\Project1\cliente.h(12,7):
      vea la declaración de 'cliente'
  
C:\Users\ailem\OneDrive\Documentos\GitHub\Proyecto_1_Gimnasio_PowerLab\Project1\cliente.cpp(21,9): error C2065: 'telefono': identificador no declarado
C:\Users\ailem\OneDrive\Documentos\GitHub\Proyecto_1_Gimnasio_PowerLab\Project1\cliente.cpp(23,17): error C2509: 'getNombre': función miembro no declarada en 'cliente'
      C:\Users\ailem\OneDrive\Documentos\GitHub\Proyecto_1_Gimnasio_PowerLab\Project1\cliente.h(12,7):
      vea la declaración de 'cliente'
  
C:\Users\ailem\OneDrive\Documentos\GitHub\Proyecto_1_Gimnasio_PowerLab\Project1\cliente.cpp(26,17): error C2509: 'getCorreo': función miembro no declarada en 'cliente'
      C:\Users\ailem\OneDrive\Documentos\GitHub\Proyecto_1_Gimnasio_PowerLab\Project1\cliente.h(12,7):
      vea la declaración de 'cliente'
  
C:\Users\ailem\OneDrive\Documentos\GitHub\Proyecto_1_Gimnasio_PowerLab\Project1\cliente.cpp(29,15): error C2039: "getSexo": no es un miembro de "cliente"
      C:\Users\ailem\OneDrive\Documentos\GitHub\Proyecto_1_Gimnasio_PowerLab\Project1\cliente.h(12,7):
      vea la declaración de 'cliente'
  
C:\Users\ailem\OneDrive\Documentos\GitHub\Proyecto_1_Gimnasio_PowerLab\Project1\cliente.cpp(30,9): error C2065: 'sexo': identificador no declarado
C:\Users\ailem\OneDrive\Documentos\GitHub\Proyecto_1_Gimnasio_PowerLab\Project1\cliente.cpp(32,17): error C2509: 'getFechaNacimiento': función miembro no declarada en 'cliente'
      C:\Users\ailem\OneDrive\Documentos\GitHub\Proyecto_1_Gimnasio_PowerLab\Project1\cliente.h(12,7):
      vea la declaración de 'cliente'
  
C:\Users\ailem\OneDrive\Documentos\GitHub\Proyecto_1_Gimnasio_PowerLab\Project1\cliente.cpp(35,17): error C2039: "getFechaInscripcion": no es un miembro de "cliente"
      C:\Users\ailem\OneDrive\Documentos\GitHub\Proyecto_1_Gimnasio_PowerLab\Project1\cliente.h(12,7):
      vea la declaración de 'cliente'
  
C:\Users\ailem\OneDrive\Documentos\GitHub\Proyecto_1_Gimnasio_PowerLab\Project1\cliente.cpp(36,9): error C2065: 'fecha_Inscripcion': identificador no declarado
C:\Users\ailem\OneDrive\Documentos\GitHub\Proyecto_1_Gimnasio_PowerLab\Project1\cliente.cpp(38,22): error C2039: "getInstructor": no es un miembro de "cliente"
      C:\Users\ailem\OneDrive\Documentos\GitHub\Proyecto_1_Gimnasio_PowerLab\Project1\cliente.h(12,7):
      vea la declaración de 'cliente'
  
C:\Users\ailem\OneDrive\Documentos\GitHub\Proyecto_1_Gimnasio_PowerLab\Project1\cliente.cpp(39,9): error C2065: 'inst': identificador no declarado
C:\Users\ailem\OneDrive\Documentos\GitHub\Proyecto_1_Gimnasio_PowerLab\Project1\cliente.cpp(44,15): error C2509: 'setCedula': función miembro no declarada en 'cliente'
      C:\Users\ailem\OneDrive\Documentos\GitHub\Proyecto_1_Gimnasio_PowerLab\Project1\cliente.h(12,7):
      vea la declaración de 'cliente'
  
C:\Users\ailem\OneDrive\Documentos\GitHub\Proyecto_1_Gimnasio_PowerLab\Project1\cliente.cpp(47,15): error C2039: "setTelefono": no es un miembro de "cliente"
      C:\Users\ailem\OneDrive\Documentos\GitHub\Proyecto_1_Gimnasio_PowerLab\Project1\cliente.h(12,7):
      vea la declaración de 'cliente'
  
C:\Users\ailem\OneDrive\Documentos\GitHub\Proyecto_1_Gimnasio_PowerLab\Project1\cliente.cpp(48,2): error C2355: 'this': solo se puede hacer referencia a this en funciones miembro no estáticas o inicializadores de miembro de datos no estáticos
C:\Users\ailem\OneDrive\Documentos\GitHub\Proyecto_1_Gimnasio_PowerLab\Project1\cliente.cpp(50,15): error C2509: 'setNombre': función miembro no declarada en 'cliente'
      C:\Users\ailem\OneDrive\Documentos\GitHub\Proyecto_1_Gimnasio_PowerLab\Project1\cliente.h(12,7):
      vea la declaración de 'cliente'
  
C:\Users\ailem\OneDrive\Documentos\GitHub\Proyecto_1_Gimnasio_PowerLab\Project1\cliente.cpp(53,15): error C2509: 'setCorreo': función miembro no declarada en 'cliente'
      C:\Users\ailem\OneDrive\Documentos\GitHub\Proyecto_1_Gimnasio_PowerLab\Project1\cliente.h(12,7):
      vea la declaración de 'cliente'
  
C:\Users\ailem\OneDrive\Documentos\GitHub\Proyecto_1_Gimnasio_PowerLab\Project1\cliente.cpp(56,15): error C2039: "setSexo": no es un miembro de "cliente"
      C:\Users\ailem\OneDrive\Documentos\GitHub\Proyecto_1_Gimnasio_PowerLab\Project1\cliente.h(12,7):
      vea la declaración de 'cliente'
  
C:\Users\ailem\OneDrive\Documentos\GitHub\Proyecto_1_Gimnasio_PowerLab\Project1\cliente.cpp(57,2): error C2355: 'this': solo se puede hacer referencia a this en funciones miembro no estáticas o inicializadores de miembro de datos no estáticos
C:\Users\ailem\OneDrive\Documentos\GitHub\Proyecto_1_Gimnasio_PowerLab\Project1\cliente.cpp(59,15): error C2039: "setFechaNacimiento": no es un miembro de "cliente"
      C:\Users\ailem\OneDrive\Documentos\GitHub\Proyecto_1_Gimnasio_PowerLab\Project1\cliente.h(12,7):
      vea la declaración de 'cliente'
  
C:\Users\ailem\OneDrive\Documentos\GitHub\Proyecto_1_Gimnasio_PowerLab\Project1\cliente.cpp(60,2): error C2355: 'this': solo se puede hacer referencia a this en funciones miembro no estáticas o inicializadores de miembro de datos no estáticos
C:\Users\ailem\OneDrive\Documentos\GitHub\Proyecto_1_Gimnasio_PowerLab\Project1\cliente.cpp(62,15): error C2039: "setFechaInscripcion": no es un miembro de "cliente"
      C:\Users\ailem\OneDrive\Documentos\GitHub\Proyecto_1_Gimnasio_PowerLab\Project1\cliente.h(12,7):
      vea la declaración de 'cliente'
  
C:\Users\ailem\OneDrive\Documentos\GitHub\Proyecto_1_Gimnasio_PowerLab\Project1\cliente.cpp(63,2): error C2355: 'this': solo se puede hacer referencia a this en funciones miembro no estáticas o inicializadores de miembro de datos no estáticos
C:\Users\ailem\OneDrive\Documentos\GitHub\Proyecto_1_Gimnasio_PowerLab\Project1\cliente.cpp(65,15): error C2039: "setInstructor": no es un miembro de "cliente"
      C:\Users\ailem\OneDrive\Documentos\GitHub\Proyecto_1_Gimnasio_PowerLab\Project1\cliente.h(12,7):
      vea la declaración de 'cliente'
  
C:\Users\ailem\OneDrive\Documentos\GitHub\Proyecto_1_Gimnasio_PowerLab\Project1\cliente.cpp(66,2): error C2355: 'this': solo se puede hacer referencia a this en funciones miembro no estáticas o inicializadores de miembro de datos no estáticos
C:\Users\ailem\OneDrive\Documentos\GitHub\Proyecto_1_Gimnasio_PowerLab\Project1\cliente.cpp(73,21): error C2248: 'persona::cedula': no se puede obtener acceso al miembro private miembro declarado en la clase 'persona'
      C:\Users\ailem\OneDrive\Documentos\GitHub\Proyecto_1_Gimnasio_PowerLab\Project1\persona.h(11,9):
      vea la declaración de 'persona::cedula'
      C:\Users\ailem\OneDrive\Documentos\GitHub\Proyecto_1_Gimnasio_PowerLab\Project1\persona.h(8,7):
      vea la declaración de 'persona'
  
C:\Users\ailem\OneDrive\Documentos\GitHub\Proyecto_1_Gimnasio_PowerLab\Project1\cliente.cpp(74,23): error C2065: 'telefono': identificador no declarado
C:\Users\ailem\OneDrive\Documentos\GitHub\Proyecto_1_Gimnasio_PowerLab\Project1\cliente.cpp(75,21): error C2248: 'persona::nombre': no se puede obtener acceso al miembro private miembro declarado en la clase 'persona'
      C:\Users\ailem\OneDrive\Documentos\GitHub\Proyecto_1_Gimnasio_PowerLab\Project1\persona.h(10,9):
      vea la declaración de 'persona::nombre'
      C:\Users\ailem\OneDrive\Documentos\GitHub\Proyecto_1_Gimnasio_PowerLab\Project1\persona.h(8,7):
      vea la declaración de 'persona'
  
C:\Users\ailem\OneDrive\Documentos\GitHub\Proyecto_1_Gimnasio_PowerLab\Project1\cliente.cpp(76,21): error C2248: 'persona::correo': no se puede obtener acceso al miembro private miembro declarado en la clase 'persona'
      C:\Users\ailem\OneDrive\Documentos\GitHub\Proyecto_1_Gimnasio_PowerLab\Project1\persona.h(13,9):
      vea la declaración de 'persona::correo'
      C:\Users\ailem\OneDrive\Documentos\GitHub\Proyecto_1_Gimnasio_PowerLab\Project1\persona.h(8,7):
      vea la declaración de 'persona'
  
C:\Users\ailem\OneDrive\Documentos\GitHub\Proyecto_1_Gimnasio_PowerLab\Project1\cliente.cpp(78,34): error C2065: 'fecha_Nacimiento': identificador no declarado
C:\Users\ailem\OneDrive\Documentos\GitHub\Proyecto_1_Gimnasio_PowerLab\Project1\cliente.cpp(79,35): error C2065: 'fecha_Inscripcion': identificador no declarado
  fecha.cpp
C:\Users\ailem\OneDrive\Documentos\GitHub\Proyecto_1_Gimnasio_PowerLab\Project1\fecha.h(19,10): error C3646: 'toString': especificador de invalidación desconocido
  (compilando archivo de origen "fecha.cpp")
  
C:\Users\ailem\OneDrive\Documentos\GitHub\Proyecto_1_Gimnasio_PowerLab\Project1\fecha.h(19,18): error C2059: error de sintaxis: '('
  (compilando archivo de origen "fecha.cpp")
  
C:\Users\ailem\OneDrive\Documentos\GitHub\Proyecto_1_Gimnasio_PowerLab\Project1\fecha.h(19,20): error C2238: símbolos (token) inesperados delante de ';'
  (compilando archivo de origen "fecha.cpp")
  
C:\Users\ailem\OneDrive\Documentos\GitHub\Proyecto_1_Gimnasio_PowerLab\Project1\fecha.cpp(36,15): error C2039: "toString": no es un miembro de "fecha"
      C:\Users\ailem\OneDrive\Documentos\GitHub\Proyecto_1_Gimnasio_PowerLab\Project1\fecha.h(5,7):
      vea la declaración de 'fecha'
  
C:\Users\ailem\OneDrive\Documentos\GitHub\Proyecto_1_Gimnasio_PowerLab\Project1\fecha.cpp(38,7): error C2065: 'dia': identificador no declarado
C:\Users\ailem\OneDrive\Documentos\GitHub\Proyecto_1_Gimnasio_PowerLab\Project1\fecha.cpp(38,21): error C2065: 'mes': identificador no declarado
C:\Users\ailem\OneDrive\Documentos\GitHub\Proyecto_1_Gimnasio_PowerLab\Project1\fecha.cpp(38,35): error C2065: 'annio': identificador no declarado
  instructor.cpp
C:\Users\ailem\OneDrive\Documentos\GitHub\Proyecto_1_Gimnasio_PowerLab\Project1\instructor.cpp(2,13): error C2511: 'instructor::instructor(int,std::string,std::string,int,std::string,vecEspecialidades *)': la función miembro sobrecargada no se ha encontrado en 'instructor'
      C:\Users\ailem\OneDrive\Documentos\GitHub\Proyecto_1_Gimnasio_PowerLab\Project1\instructor.h(11,7):
      vea la declaración de 'instructor'
  
C:\Users\ailem\OneDrive\Documentos\GitHub\Proyecto_1_Gimnasio_PowerLab\Project1\instructor.cpp(3,2): error C2671: 'instructor::{ctor}': las funciones miembro static no tienen punteros 'this'
C:\Users\ailem\OneDrive\Documentos\GitHub\Proyecto_1_Gimnasio_PowerLab\Project1\instructor.cpp(4,2): error C2671: 'instructor::{ctor}': las funciones miembro static no tienen punteros 'this'
C:\Users\ailem\OneDrive\Documentos\GitHub\Proyecto_1_Gimnasio_PowerLab\Project1\instructor.cpp(5,2): error C2671: 'instructor::{ctor}': las funciones miembro static no tienen punteros 'this'
C:\Users\ailem\OneDrive\Documentos\GitHub\Proyecto_1_Gimnasio_PowerLab\Project1\instructor.cpp(6,2): error C2671: 'instructor::{ctor}': las funciones miembro static no tienen punteros 'this'
C:\Users\ailem\OneDrive\Documentos\GitHub\Proyecto_1_Gimnasio_PowerLab\Project1\instructor.cpp(7,2): error C2671: 'instructor::{ctor}': las funciones miembro static no tienen punteros 'this'
C:\Users\ailem\OneDrive\Documentos\GitHub\Proyecto_1_Gimnasio_PowerLab\Project1\instructor.cpp(8,2): error C2671: 'instructor::{ctor}': las funciones miembro static no tienen punteros 'this'
C:\Users\ailem\OneDrive\Documentos\GitHub\Proyecto_1_Gimnasio_PowerLab\Project1\instructor.cpp(10,14): error C2600: 'instructor::~instructor': no se puede definir una función miembro especial generada por el compilador (se debe declarar primero en la clase)
C:\Users\ailem\OneDrive\Documentos\GitHub\Proyecto_1_Gimnasio_PowerLab\Project1\instructor.cpp(13,17): error C2509: 'getCedula': función miembro no declarada en 'instructor'
      C:\Users\ailem\OneDrive\Documentos\GitHub\Proyecto_1_Gimnasio_PowerLab\Project1\instructor.h(11,7):
      vea la declaración de 'instructor'
  
C:\Users\ailem\OneDrive\Documentos\GitHub\Proyecto_1_Gimnasio_PowerLab\Project1\instructor.cpp(16,20): error C2509: 'getNombre': función miembro no declarada en 'instructor'
      C:\Users\ailem\OneDrive\Documentos\GitHub\Proyecto_1_Gimnasio_PowerLab\Project1\instructor.h(11,7):
      vea la declaración de 'instructor'
  
C:\Users\ailem\OneDrive\Documentos\GitHub\Proyecto_1_Gimnasio_PowerLab\Project1\instructor.cpp(19,17): error C2039: "getTelefono": no es un miembro de "instructor"
      C:\Users\ailem\OneDrive\Documentos\GitHub\Proyecto_1_Gimnasio_PowerLab\Project1\instructor.h(11,7):
      vea la declaración de 'instructor'
  
C:\Users\ailem\OneDrive\Documentos\GitHub\Proyecto_1_Gimnasio_PowerLab\Project1\instructor.cpp(20,9): error C2355: 'this': solo se puede hacer referencia a this en funciones miembro no estáticas o inicializadores de miembro de datos no estáticos
C:\Users\ailem\OneDrive\Documentos\GitHub\Proyecto_1_Gimnasio_PowerLab\Project1\instructor.cpp(22,20): error C2509: 'getCorreo': función miembro no declarada en 'instructor'
      C:\Users\ailem\OneDrive\Documentos\GitHub\Proyecto_1_Gimnasio_PowerLab\Project1\instructor.h(11,7):
      vea la declaración de 'instructor'
  
C:\Users\ailem\OneDrive\Documentos\GitHub\Proyecto_1_Gimnasio_PowerLab\Project1\instructor.cpp(25,20): error C2509: 'getFechaNacimiento': función miembro no declarada en 'instructor'
      C:\Users\ailem\OneDrive\Documentos\GitHub\Proyecto_1_Gimnasio_PowerLab\Project1\instructor.h(11,7):
      vea la declaración de 'instructor'
  
C:\Users\ailem\OneDrive\Documentos\GitHub\Proyecto_1_Gimnasio_PowerLab\Project1\instructor.cpp(28,32): error C2039: "getEspecialidades": no es un miembro de "instructor"
      C:\Users\ailem\OneDrive\Documentos\GitHub\Proyecto_1_Gimnasio_PowerLab\Project1\instructor.h(11,7):
      vea la declaración de 'instructor'
  
C:\Users\ailem\OneDrive\Documentos\GitHub\Proyecto_1_Gimnasio_PowerLab\Project1\instructor.cpp(29,9): error C2355: 'this': solo se puede hacer referencia a this en funciones miembro no estáticas o inicializadores de miembro de datos no estáticos
C:\Users\ailem\OneDrive\Documentos\GitHub\Proyecto_1_Gimnasio_PowerLab\Project1\instructor.cpp(31,18): error C2509: 'setCedula': función miembro no declarada en 'instructor'
      C:\Users\ailem\OneDrive\Documentos\GitHub\Proyecto_1_Gimnasio_PowerLab\Project1\instructor.h(11,7):
      vea la declaración de 'instructor'
  
C:\Users\ailem\OneDrive\Documentos\GitHub\Proyecto_1_Gimnasio_PowerLab\Project1\instructor.cpp(34,18): error C2509: 'setNombre': función miembro no declarada en 'instructor'
      C:\Users\ailem\OneDrive\Documentos\GitHub\Proyecto_1_Gimnasio_PowerLab\Project1\instructor.h(11,7):
      vea la declaración de 'instructor'
  
C:\Users\ailem\OneDrive\Documentos\GitHub\Proyecto_1_Gimnasio_PowerLab\Project1\instructor.cpp(37,18): error C2039: "setTelefono": no es un miembro de "instructor"
      C:\Users\ailem\OneDrive\Documentos\GitHub\Proyecto_1_Gimnasio_PowerLab\Project1\instructor.h(11,7):
      vea la declaración de 'instructor'
  
C:\Users\ailem\OneDrive\Documentos\GitHub\Proyecto_1_Gimnasio_PowerLab\Project1\instructor.cpp(38,2): error C2355: 'this': solo se puede hacer referencia a this en funciones miembro no estáticas o inicializadores de miembro de datos no estáticos
C:\Users\ailem\OneDrive\Documentos\GitHub\Proyecto_1_Gimnasio_PowerLab\Project1\instructor.cpp(40,18): error C2509: 'setCorreo': función miembro no declarada en 'instructor'
      C:\Users\ailem\OneDrive\Documentos\GitHub\Proyecto_1_Gimnasio_PowerLab\Project1\instructor.h(11,7):
      vea la declaración de 'instructor'
  
C:\Users\ailem\OneDrive\Documentos\GitHub\Proyecto_1_Gimnasio_PowerLab\Project1\instructor.cpp(43,18): error C2039: "setFechaNacimiento": no es un miembro de "instructor"
      C:\Users\ailem\OneDrive\Documentos\GitHub\Proyecto_1_Gimnasio_PowerLab\Project1\instructor.h(11,7):
      vea la declaración de 'instructor'
  
C:\Users\ailem\OneDrive\Documentos\GitHub\Proyecto_1_Gimnasio_PowerLab\Project1\instructor.cpp(44,2): error C2355: 'this': solo se puede hacer referencia a this en funciones miembro no estáticas o inicializadores de miembro de datos no estáticos
C:\Users\ailem\OneDrive\Documentos\GitHub\Proyecto_1_Gimnasio_PowerLab\Project1\instructor.cpp(46,20): error C2509: 'toString': función miembro no declarada en 'instructor'
      C:\Users\ailem\OneDrive\Documentos\GitHub\Proyecto_1_Gimnasio_PowerLab\Project1\instructor.h(11,7):
      vea la declaración de 'instructor'
  
  main.cpp
C:\Users\ailem\OneDrive\Documentos\GitHub\Proyecto_1_Gimnasio_PowerLab\Project1\fecha.h(19,10): error C3646: 'toString': especificador de invalidación desconocido
  (compilando archivo de origen "main.cpp")
  
C:\Users\ailem\OneDrive\Documentos\GitHub\Proyecto_1_Gimnasio_PowerLab\Project1\fecha.h(19,18): error C2059: error de sintaxis: '('
  (compilando archivo de origen "main.cpp")
  
C:\Users\ailem\OneDrive\Documentos\GitHub\Proyecto_1_Gimnasio_PowerLab\Project1\fecha.h(19,20): error C2238: símbolos (token) inesperados delante de ';'
  (compilando archivo de origen "main.cpp")
  
  persona.cpp
C:\Users\ailem\OneDrive\Documentos\GitHub\Proyecto_1_Gimnasio_PowerLab\Project1\fecha.h(19,10): error C3646: 'toString': especificador de invalidación desconocido
  (compilando archivo de origen "persona.cpp")
  
C:\Users\ailem\OneDrive\Documentos\GitHub\Proyecto_1_Gimnasio_PowerLab\Project1\fecha.h(19,18): error C2059: error de sintaxis: '('
  (compilando archivo de origen "persona.cpp")
  
C:\Users\ailem\OneDrive\Documentos\GitHub\Proyecto_1_Gimnasio_PowerLab\Project1\fecha.h(19,20): error C2238: símbolos (token) inesperados delante de ';'
  (compilando archivo de origen "persona.cpp")
  
C:\Users\ailem\OneDrive\Documentos\GitHub\Proyecto_1_Gimnasio_PowerLab\Project1\persona.cpp(62,51): error C2039: "toString": no es un miembro de "fecha"
      C:\Users\ailem\OneDrive\Documentos\GitHub\Proyecto_1_Gimnasio_PowerLab\Project1\fecha.h(5,7):
      vea la declaración de 'fecha'
  
  rutina.cpp
  vecClientes.cpp
C:\Users\ailem\OneDrive\Documentos\GitHub\Proyecto_1_Gimnasio_PowerLab\Project1\vecClientes.cpp(26,32): error C2676: '==' binario: 'std::string' no define este operador o una conversión a un tipo aceptable para el operador predefinido
      C:\Program Files\Microsoft Visual Studio\2022\Community\VC\Tools\MSVC\14.44.35207\include\memory(3718,17):
      puede ser 'bool std::operator ==(std::nullptr_t,const std::unique_ptr<_Ty,_Dx> &) noexcept'
          C:\Users\ailem\OneDrive\Documentos\GitHub\Proyecto_1_Gimnasio_PowerLab\Project1\vecClientes.cpp(26,29):
          "bool std::operator ==(std::nullptr_t,const std::unique_ptr<_Ty,_Dx> &) noexcept": no se pudo deducir el argumento plantilla para "const std::unique_ptr<_Ty,_Dx> &" de "int"
      C:\Program Files\Microsoft Visual Studio\2022\Community\VC\Tools\MSVC\14.44.35207\include\memory(3712,30):
      o       'bool std::operator ==(const std::unique_ptr<_Ty,_Dx> &,std::nullptr_t) noexcept'
          C:\Users\ailem\OneDrive\Documentos\GitHub\Proyecto_1_Gimnasio_PowerLab\Project1\vecClientes.cpp(26,29):
          "bool std::operator ==(const std::unique_ptr<_Ty,_Dx> &,std::nullptr_t) noexcept": no se pudo deducir el argumento plantilla para "const std::unique_ptr<_Ty,_Dx> &" de "std::string"
      C:\Program Files\Microsoft Visual Studio\2022\Community\VC\Tools\MSVC\14.44.35207\include\memory(3666,30):
      o       'bool std::operator ==(const std::unique_ptr<_Ty,_Dx> &,const std::unique_ptr<_Ty2,_Dx2> &)'
          C:\Users\ailem\OneDrive\Documentos\GitHub\Proyecto_1_Gimnasio_PowerLab\Project1\vecClientes.cpp(26,29):
          "bool std::operator ==(const std::unique_ptr<_Ty,_Dx> &,const std::unique_ptr<_Ty2,_Dx2> &)": no se pudo deducir el argumento plantilla para "const std::unique_ptr<_Ty,_Dx> &" de "std::string"
      C:\Program Files\Microsoft Visual Studio\2022\Community\VC\Tools\MSVC\14.44.35207\include\memory(1928,17):
      o       'bool std::operator ==(std::nullptr_t,const std::shared_ptr<_Ty> &) noexcept'
          C:\Users\ailem\OneDrive\Documentos\GitHub\Proyecto_1_Gimnasio_PowerLab\Project1\vecClientes.cpp(26,29):
          "bool std::operator ==(std::nullptr_t,const std::shared_ptr<_Ty> &) noexcept": no se pudo deducir el argumento plantilla para "const std::shared_ptr<_Ty> &" de "int"
      C:\Program Files\Microsoft Visual Studio\2022\Community\VC\Tools\MSVC\14.44.35207\include\memory(1917,17):
      o       'bool std::operator ==(const std::shared_ptr<_Ty> &,std::nullptr_t) noexcept'
          C:\Users\ailem\OneDrive\Documentos\GitHub\Proyecto_1_Gimnasio_PowerLab\Project1\vecClientes.cpp(26,29):
          "bool std::operator ==(const std::shared_ptr<_Ty> &,std::nullptr_t) noexcept": no se pudo deducir el argumento plantilla para "const std::shared_ptr<_Ty> &" de "std::string"
      C:\Program Files\Microsoft Visual Studio\2022\Community\VC\Tools\MSVC\14.44.35207\include\memory(1880,17):
      o       'bool std::operator ==(const std::shared_ptr<_Ty> &,const std::shared_ptr<_Ty0> &) noexcept'
          C:\Users\ailem\OneDrive\Documentos\GitHub\Proyecto_1_Gimnasio_PowerLab\Project1\vecClientes.cpp(26,29):
          "bool std::operator ==(const std::shared_ptr<_Ty> &,const std::shared_ptr<_Ty0> &) noexcept": no se pudo deducir el argumento plantilla para "const std::shared_ptr<_Ty> &" de "std::string"
      C:\Program Files\Microsoft Visual Studio\2022\Community\VC\Tools\MSVC\14.44.35207\include\xstring(3282,17):
      o       'bool std::operator ==(const _Elem *const ,const std::basic_string<_Elem,_Traits,_Alloc> &) noexcept'
          C:\Users\ailem\OneDrive\Documentos\GitHub\Proyecto_1_Gimnasio_PowerLab\Project1\vecClientes.cpp(26,29):
          "bool std::operator ==(const _Elem *const ,const std::basic_string<_Elem,_Traits,_Alloc> &) noexcept": no se pudo deducir el argumento plantilla para "const _Elem *const " de "std::string"
      C:\Program Files\Microsoft Visual Studio\2022\Community\VC\Tools\MSVC\14.44.35207\include\xstring(3263,30):
      o       'bool std::operator ==(const std::basic_string<_Elem,_Traits,_Alloc> &,const _Elem *const ) noexcept'
          C:\Users\ailem\OneDrive\Documentos\GitHub\Proyecto_1_Gimnasio_PowerLab\Project1\vecClientes.cpp(26,29):
          "bool std::operator ==(const std::basic_string<_Elem,_Traits,_Alloc> &,const _Elem *const ) noexcept": no se pudo deducir el argumento plantilla para "const _Elem *const " de "int"
      C:\Program Files\Microsoft Visual Studio\2022\Community\VC\Tools\MSVC\14.44.35207\include\xstring(3257,30):
      o       'bool std::operator ==(const std::basic_string<_Elem,_Traits,_Alloc> &,const std::basic_string<_Elem,_Traits,_Alloc> &) noexcept'
          C:\Users\ailem\OneDrive\Documentos\GitHub\Proyecto_1_Gimnasio_PowerLab\Project1\vecClientes.cpp(26,29):
          "bool std::operator ==(const std::basic_string<_Elem,_Traits,_Alloc> &,const std::basic_string<_Elem,_Traits,_Alloc> &) noexcept": no se pudo deducir el argumento plantilla para "const std::basic_string<_Elem,_Traits,_Alloc> &" de "int"
      C:\Program Files\Microsoft Visual Studio\2022\Community\VC\Tools\MSVC\14.44.35207\include\xmemory(1050,30):
      o       'bool std::operator ==(const std::allocator<_Ty> &,const std::allocator<_Other> &) noexcept'
          C:\Users\ailem\OneDrive\Documentos\GitHub\Proyecto_1_Gimnasio_PowerLab\Project1\vecClientes.cpp(26,29):
          "bool std::operator ==(const std::allocator<_Ty> &,const std::allocator<_Other> &) noexcept": no se pudo deducir el argumento plantilla para "const std::allocator<_Ty> &" de "std::string"
      C:\Program Files\Microsoft Visual Studio\2022\Community\VC\Tools\MSVC\14.44.35207\include\iterator(486,17):
      o       'bool std::operator ==(const std::istreambuf_iterator<_Elem,_Traits> &,const std::istreambuf_iterator<_Elem,_Traits> &)'
          C:\Users\ailem\OneDrive\Documentos\GitHub\Proyecto_1_Gimnasio_PowerLab\Project1\vecClientes.cpp(26,29):
          "bool std::operator ==(const std::istreambuf_iterator<_Elem,_Traits> &,const std::istreambuf_iterator<_Elem,_Traits> &)": no se pudo deducir el argumento plantilla para "const std::istreambuf_iterator<_Elem,_Traits> &" de "std::string"
      C:\Program Files\Microsoft Visual Studio\2022\Community\VC\Tools\MSVC\14.44.35207\include\iterator(304,17):
      o       'bool std::operator ==(const std::istream_iterator<_Ty,_Elem,_Traits,_Diff> &,const std::istream_iterator<_Ty,_Elem,_Traits,_Diff> &) noexcept'
          C:\Users\ailem\OneDrive\Documentos\GitHub\Proyecto_1_Gimnasio_PowerLab\Project1\vecClientes.cpp(26,29):
          "bool std::operator ==(const std::istream_iterator<_Ty,_Elem,_Traits,_Diff> &,const std::istream_iterator<_Ty,_Elem,_Traits,_Diff> &) noexcept": no se pudo deducir el argumento plantilla para "const std::istream_iterator<_Ty,_Elem,_Traits,_Diff> &" de "std::string"
      C:\Program Files\Microsoft Visual Studio\2022\Community\VC\Tools\MSVC\14.44.35207\include\xutility(4458,30):
      o       'bool std::operator ==(const std::move_iterator<_Iter> &,const std::move_iterator<_Iter2> &) noexcept(<expr>)'
          C:\Users\ailem\OneDrive\Documentos\GitHub\Proyecto_1_Gimnasio_PowerLab\Project1\vecClientes.cpp(26,29):
          "bool std::operator ==(const std::move_iterator<_Iter> &,const std::move_iterator<_Iter2> &) noexcept(<expr>)": no se pudo deducir el argumento plantilla para "const std::move_iterator<_Iter> &" de "std::string"
      C:\Program Files\Microsoft Visual Studio\2022\Community\VC\Tools\MSVC\14.44.35207\include\xutility(1896,30):
      o       'bool std::operator ==(const std::reverse_iterator<_BidIt> &,const std::reverse_iterator<_BidIt2> &) noexcept(<expr>)'
          C:\Users\ailem\OneDrive\Documentos\GitHub\Proyecto_1_Gimnasio_PowerLab\Project1\vecClientes.cpp(26,29):
          "bool std::operator ==(const std::reverse_iterator<_BidIt> &,const std::reverse_iterator<_BidIt2> &) noexcept(<expr>)": no se pudo deducir el argumento plantilla para "const std::reverse_iterator<_BidIt> &" de "std::string"
      C:\Program Files\Microsoft Visual Studio\2022\Community\VC\Tools\MSVC\14.44.35207\include\utility(503,27):
      o       'bool std::operator ==(const std::pair<_Ty1,_Ty2> &,const std::pair<_Uty1,_Uty2> &)'
          C:\Users\ailem\OneDrive\Documentos\GitHub\Proyecto_1_Gimnasio_PowerLab\Project1\vecClientes.cpp(26,29):
          "bool std::operator ==(const std::pair<_Ty1,_Ty2> &,const std::pair<_Uty1,_Uty2> &)": no se pudo deducir el argumento plantilla para "const std::pair<_Ty1,_Ty2> &" de "std::string"
  
C:\Users\ailem\OneDrive\Documentos\GitHub\Proyecto_1_Gimnasio_PowerLab\Project1\vecClientes.cpp(41,32): error C2676: '==' binario: 'std::string' no define este operador o una conversión a un tipo aceptable para el operador predefinido
      C:\Program Files\Microsoft Visual Studio\2022\Community\VC\Tools\MSVC\14.44.35207\include\memory(3718,17):
      puede ser 'bool std::operator ==(std::nullptr_t,const std::unique_ptr<_Ty,_Dx> &) noexcept'
          C:\Users\ailem\OneDrive\Documentos\GitHub\Proyecto_1_Gimnasio_PowerLab\Project1\vecClientes.cpp(41,29):
          "bool std::operator ==(std::nullptr_t,const std::unique_ptr<_Ty,_Dx> &) noexcept": no se pudo deducir el argumento plantilla para "const std::unique_ptr<_Ty,_Dx> &" de "int"
      C:\Program Files\Microsoft Visual Studio\2022\Community\VC\Tools\MSVC\14.44.35207\include\memory(3712,30):
      o       'bool std::operator ==(const std::unique_ptr<_Ty,_Dx> &,std::nullptr_t) noexcept'
          C:\Users\ailem\OneDrive\Documentos\GitHub\Proyecto_1_Gimnasio_PowerLab\Project1\vecClientes.cpp(41,29):
          "bool std::operator ==(const std::unique_ptr<_Ty,_Dx> &,std::nullptr_t) noexcept": no se pudo deducir el argumento plantilla para "const std::unique_ptr<_Ty,_Dx> &" de "std::string"
      C:\Program Files\Microsoft Visual Studio\2022\Community\VC\Tools\MSVC\14.44.35207\include\memory(3666,30):
      o       'bool std::operator ==(const std::unique_ptr<_Ty,_Dx> &,const std::unique_ptr<_Ty2,_Dx2> &)'
          C:\Users\ailem\OneDrive\Documentos\GitHub\Proyecto_1_Gimnasio_PowerLab\Project1\vecClientes.cpp(41,29):
          "bool std::operator ==(const std::unique_ptr<_Ty,_Dx> &,const std::unique_ptr<_Ty2,_Dx2> &)": no se pudo deducir el argumento plantilla para "const std::unique_ptr<_Ty,_Dx> &" de "std::string"
      C:\Program Files\Microsoft Visual Studio\2022\Community\VC\Tools\MSVC\14.44.35207\include\memory(1928,17):
      o       'bool std::operator ==(std::nullptr_t,const std::shared_ptr<_Ty> &) noexcept'
          C:\Users\ailem\OneDrive\Documentos\GitHub\Proyecto_1_Gimnasio_PowerLab\Project1\vecClientes.cpp(41,29):
          "bool std::operator ==(std::nullptr_t,const std::shared_ptr<_Ty> &) noexcept": no se pudo deducir el argumento plantilla para "const std::shared_ptr<_Ty> &" de "int"
      C:\Program Files\Microsoft Visual Studio\2022\Community\VC\Tools\MSVC\14.44.35207\include\memory(1917,17):
      o       'bool std::operator ==(const std::shared_ptr<_Ty> &,std::nullptr_t) noexcept'
          C:\Users\ailem\OneDrive\Documentos\GitHub\Proyecto_1_Gimnasio_PowerLab\Project1\vecClientes.cpp(41,29):
          "bool std::operator ==(const std::shared_ptr<_Ty> &,std::nullptr_t) noexcept": no se pudo deducir el argumento plantilla para "const std::shared_ptr<_Ty> &" de "std::string"
      C:\Program Files\Microsoft Visual Studio\2022\Community\VC\Tools\MSVC\14.44.35207\include\memory(1880,17):
      o       'bool std::operator ==(const std::shared_ptr<_Ty> &,const std::shared_ptr<_Ty0> &) noexcept'
          C:\Users\ailem\OneDrive\Documentos\GitHub\Proyecto_1_Gimnasio_PowerLab\Project1\vecClientes.cpp(41,29):
          "bool std::operator ==(const std::shared_ptr<_Ty> &,const std::shared_ptr<_Ty0> &) noexcept": no se pudo deducir el argumento plantilla para "const std::shared_ptr<_Ty> &" de "std::string"
      C:\Program Files\Microsoft Visual Studio\2022\Community\VC\Tools\MSVC\14.44.35207\include\xstring(3282,17):
      o       'bool std::operator ==(const _Elem *const ,const std::basic_string<_Elem,_Traits,_Alloc> &) noexcept'
          C:\Users\ailem\OneDrive\Documentos\GitHub\Proyecto_1_Gimnasio_PowerLab\Project1\vecClientes.cpp(41,29):
          "bool std::operator ==(const _Elem *const ,const std::basic_string<_Elem,_Traits,_Alloc> &) noexcept": no se pudo deducir el argumento plantilla para "const _Elem *const " de "std::string"
      C:\Program Files\Microsoft Visual Studio\2022\Community\VC\Tools\MSVC\14.44.35207\include\xstring(3263,30):
      o       'bool std::operator ==(const std::basic_string<_Elem,_Traits,_Alloc> &,const _Elem *const ) noexcept'
          C:\Users\ailem\OneDrive\Documentos\GitHub\Proyecto_1_Gimnasio_PowerLab\Project1\vecClientes.cpp(41,29):
          "bool std::operator ==(const std::basic_string<_Elem,_Traits,_Alloc> &,const _Elem *const ) noexcept": no se pudo deducir el argumento plantilla para "const _Elem *const " de "int"
      C:\Program Files\Microsoft Visual Studio\2022\Community\VC\Tools\MSVC\14.44.35207\include\xstring(3257,30):
      o       'bool std::operator ==(const std::basic_string<_Elem,_Traits,_Alloc> &,const std::basic_string<_Elem,_Traits,_Alloc> &) noexcept'
          C:\Users\ailem\OneDrive\Documentos\GitHub\Proyecto_1_Gimnasio_PowerLab\Project1\vecClientes.cpp(41,29):
          "bool std::operator ==(const std::basic_string<_Elem,_Traits,_Alloc> &,const std::basic_string<_Elem,_Traits,_Alloc> &) noexcept": no se pudo deducir el argumento plantilla para "const std::basic_string<_Elem,_Traits,_Alloc> &" de "int"
      C:\Program Files\Microsoft Visual Studio\2022\Community\VC\Tools\MSVC\14.44.35207\include\xmemory(1050,30):
      o       'bool std::operator ==(const std::allocator<_Ty> &,const std::allocator<_Other> &) noexcept'
          C:\Users\ailem\OneDrive\Documentos\GitHub\Proyecto_1_Gimnasio_PowerLab\Project1\vecClientes.cpp(41,29):
          "bool std::operator ==(const std::allocator<_Ty> &,const std::allocator<_Other> &) noexcept": no se pudo deducir el argumento plantilla para "const std::allocator<_Ty> &" de "std::string"
      C:\Program Files\Microsoft Visual Studio\2022\Community\VC\Tools\MSVC\14.44.35207\include\iterator(486,17):
      o       'bool std::operator ==(const std::istreambuf_iterator<_Elem,_Traits> &,const std::istreambuf_iterator<_Elem,_Traits> &)'
          C:\Users\ailem\OneDrive\Documentos\GitHub\Proyecto_1_Gimnasio_PowerLab\Project1\vecClientes.cpp(41,29):
          "bool std::operator ==(const std::istreambuf_iterator<_Elem,_Traits> &,const std::istreambuf_iterator<_Elem,_Traits> &)": no se pudo deducir el argumento plantilla para "const std::istreambuf_iterator<_Elem,_Traits> &" de "std::string"
      C:\Program Files\Microsoft Visual Studio\2022\Community\VC\Tools\MSVC\14.44.35207\include\iterator(304,17):
      o       'bool std::operator ==(const std::istream_iterator<_Ty,_Elem,_Traits,_Diff> &,const std::istream_iterator<_Ty,_Elem,_Traits,_Diff> &) noexcept'
          C:\Users\ailem\OneDrive\Documentos\GitHub\Proyecto_1_Gimnasio_PowerLab\Project1\vecClientes.cpp(41,29):
          "bool std::operator ==(const std::istream_iterator<_Ty,_Elem,_Traits,_Diff> &,const std::istream_iterator<_Ty,_Elem,_Traits,_Diff> &) noexcept": no se pudo deducir el argumento plantilla para "const std::istream_iterator<_Ty,_Elem,_Traits,_Diff> &" de "std::string"
      C:\Program Files\Microsoft Visual Studio\2022\Community\VC\Tools\MSVC\14.44.35207\include\xutility(4458,30):
      o       'bool std::operator ==(const std::move_iterator<_Iter> &,const std::move_iterator<_Iter2> &) noexcept(<expr>)'
          C:\Users\ailem\OneDrive\Documentos\GitHub\Proyecto_1_Gimnasio_PowerLab\Project1\vecClientes.cpp(41,29):
          "bool std::operator ==(const std::move_iterator<_Iter> &,const std::move_iterator<_Iter2> &) noexcept(<expr>)": no se pudo deducir el argumento plantilla para "const std::move_iterator<_Iter> &" de "std::string"
      C:\Program Files\Microsoft Visual Studio\2022\Community\VC\Tools\MSVC\14.44.35207\include\xutility(1896,30):
      o       'bool std::operator ==(const std::reverse_iterator<_BidIt> &,const std::reverse_iterator<_BidIt2> &) noexcept(<expr>)'
          C:\Users\ailem\OneDrive\Documentos\GitHub\Proyecto_1_Gimnasio_PowerLab\Project1\vecClientes.cpp(41,29):
          "bool std::operator ==(const std::reverse_iterator<_BidIt> &,const std::reverse_iterator<_BidIt2> &) noexcept(<expr>)": no se pudo deducir el argumento plantilla para "const std::reverse_iterator<_BidIt> &" de "std::string"
      C:\Program Files\Microsoft Visual Studio\2022\Community\VC\Tools\MSVC\14.44.35207\include\utility(503,27):
      o       'bool std::operator ==(const std::pair<_Ty1,_Ty2> &,const std::pair<_Uty1,_Uty2> &)'
          C:\Users\ailem\OneDrive\Documentos\GitHub\Proyecto_1_Gimnasio_PowerLab\Project1\vecClientes.cpp(41,29):
          "bool std::operator ==(const std::pair<_Ty1,_Ty2> &,const std::pair<_Uty1,_Uty2> &)": no se pudo deducir el argumento plantilla para "const std::pair<_Ty1,_Ty2> &" de "std::string"
  
C:\Users\ailem\OneDrive\Documentos\GitHub\Proyecto_1_Gimnasio_PowerLab\Project1\vecClientes.cpp(60,32): error C2676: '==' binario: 'std::string' no define este operador o una conversión a un tipo aceptable para el operador predefinido
      C:\Program Files\Microsoft Visual Studio\2022\Community\VC\Tools\MSVC\14.44.35207\include\memory(3718,17):
      puede ser 'bool std::operator ==(std::nullptr_t,const std::unique_ptr<_Ty,_Dx> &) noexcept'
          C:\Users\ailem\OneDrive\Documentos\GitHub\Proyecto_1_Gimnasio_PowerLab\Project1\vecClientes.cpp(60,29):
          "bool std::operator ==(std::nullptr_t,const std::unique_ptr<_Ty,_Dx> &) noexcept": no se pudo deducir el argumento plantilla para "const std::unique_ptr<_Ty,_Dx> &" de "int"
      C:\Program Files\Microsoft Visual Studio\2022\Community\VC\Tools\MSVC\14.44.35207\include\memory(3712,30):
      o       'bool std::operator ==(const std::unique_ptr<_Ty,_Dx> &,std::nullptr_t) noexcept'
          C:\Users\ailem\OneDrive\Documentos\GitHub\Proyecto_1_Gimnasio_PowerLab\Project1\vecClientes.cpp(60,29):
          "bool std::operator ==(const std::unique_ptr<_Ty,_Dx> &,std::nullptr_t) noexcept": no se pudo deducir el argumento plantilla para "const std::unique_ptr<_Ty,_Dx> &" de "std::string"
      C:\Program Files\Microsoft Visual Studio\2022\Community\VC\Tools\MSVC\14.44.35207\include\memory(3666,30):
      o       'bool std::operator ==(const std::unique_ptr<_Ty,_Dx> &,const std::unique_ptr<_Ty2,_Dx2> &)'
          C:\Users\ailem\OneDrive\Documentos\GitHub\Proyecto_1_Gimnasio_PowerLab\Project1\vecClientes.cpp(60,29):
          "bool std::operator ==(const std::unique_ptr<_Ty,_Dx> &,const std::unique_ptr<_Ty2,_Dx2> &)": no se pudo deducir el argumento plantilla para "const std::unique_ptr<_Ty,_Dx> &" de "std::string"
      C:\Program Files\Microsoft Visual Studio\2022\Community\VC\Tools\MSVC\14.44.35207\include\memory(1928,17):
      o       'bool std::operator ==(std::nullptr_t,const std::shared_ptr<_Ty> &) noexcept'
          C:\Users\ailem\OneDrive\Documentos\GitHub\Proyecto_1_Gimnasio_PowerLab\Project1\vecClientes.cpp(60,29):
          "bool std::operator ==(std::nullptr_t,const std::shared_ptr<_Ty> &) noexcept": no se pudo deducir el argumento plantilla para "const std::shared_ptr<_Ty> &" de "int"
      C:\Program Files\Microsoft Visual Studio\2022\Community\VC\Tools\MSVC\14.44.35207\include\memory(1917,17):
      o       'bool std::operator ==(const std::shared_ptr<_Ty> &,std::nullptr_t) noexcept'
          C:\Users\ailem\OneDrive\Documentos\GitHub\Proyecto_1_Gimnasio_PowerLab\Project1\vecClientes.cpp(60,29):
          "bool std::operator ==(const std::shared_ptr<_Ty> &,std::nullptr_t) noexcept": no se pudo deducir el argumento plantilla para "const std::shared_ptr<_Ty> &" de "std::string"
      C:\Program Files\Microsoft Visual Studio\2022\Community\VC\Tools\MSVC\14.44.35207\include\memory(1880,17):
      o       'bool std::operator ==(const std::shared_ptr<_Ty> &,const std::shared_ptr<_Ty0> &) noexcept'
          C:\Users\ailem\OneDrive\Documentos\GitHub\Proyecto_1_Gimnasio_PowerLab\Project1\vecClientes.cpp(60,29):
          "bool std::operator ==(const std::shared_ptr<_Ty> &,const std::shared_ptr<_Ty0> &) noexcept": no se pudo deducir el argumento plantilla para "const std::shared_ptr<_Ty> &" de "std::string"
      C:\Program Files\Microsoft Visual Studio\2022\Community\VC\Tools\MSVC\14.44.35207\include\xstring(3282,17):
      o       'bool std::operator ==(const _Elem *const ,const std::basic_string<_Elem,_Traits,_Alloc> &) noexcept'
          C:\Users\ailem\OneDrive\Documentos\GitHub\Proyecto_1_Gimnasio_PowerLab\Project1\vecClientes.cpp(60,29):
          "bool std::operator ==(const _Elem *const ,const std::basic_string<_Elem,_Traits,_Alloc> &) noexcept": no se pudo deducir el argumento plantilla para "const _Elem *const " de "std::string"
      C:\Program Files\Microsoft Visual Studio\2022\Community\VC\Tools\MSVC\14.44.35207\include\xstring(3263,30):
      o       'bool std::operator ==(const std::basic_string<_Elem,_Traits,_Alloc> &,const _Elem *const ) noexcept'
          C:\Users\ailem\OneDrive\Documentos\GitHub\Proyecto_1_Gimnasio_PowerLab\Project1\vecClientes.cpp(60,29):
          "bool std::operator ==(const std::basic_string<_Elem,_Traits,_Alloc> &,const _Elem *const ) noexcept": no se pudo deducir el argumento plantilla para "const _Elem *const " de "int"
      C:\Program Files\Microsoft Visual Studio\2022\Community\VC\Tools\MSVC\14.44.35207\include\xstring(3257,30):
      o       'bool std::operator ==(const std::basic_string<_Elem,_Traits,_Alloc> &,const std::basic_string<_Elem,_Traits,_Alloc> &) noexcept'
          C:\Users\ailem\OneDrive\Documentos\GitHub\Proyecto_1_Gimnasio_PowerLab\Project1\vecClientes.cpp(60,29):
          "bool std::operator ==(const std::basic_string<_Elem,_Traits,_Alloc> &,const std::basic_string<_Elem,_Traits,_Alloc> &) noexcept": no se pudo deducir el argumento plantilla para "const std::basic_string<_Elem,_Traits,_Alloc> &" de "int"
      C:\Program Files\Microsoft Visual Studio\2022\Community\VC\Tools\MSVC\14.44.35207\include\xmemory(1050,30):
      o       'bool std::operator ==(const std::allocator<_Ty> &,const std::allocator<_Other> &) noexcept'
          C:\Users\ailem\OneDrive\Documentos\GitHub\Proyecto_1_Gimnasio_PowerLab\Project1\vecClientes.cpp(60,29):
          "bool std::operator ==(const std::allocator<_Ty> &,const std::allocator<_Other> &) noexcept": no se pudo deducir el argumento plantilla para "const std::allocator<_Ty> &" de "std::string"
      C:\Program Files\Microsoft Visual Studio\2022\Community\VC\Tools\MSVC\14.44.35207\include\iterator(486,17):
      o       'bool std::operator ==(const std::istreambuf_iterator<_Elem,_Traits> &,const std::istreambuf_iterator<_Elem,_Traits> &)'
          C:\Users\ailem\OneDrive\Documentos\GitHub\Proyecto_1_Gimnasio_PowerLab\Project1\vecClientes.cpp(60,29):
          "bool std::operator ==(const std::istreambuf_iterator<_Elem,_Traits> &,const std::istreambuf_iterator<_Elem,_Traits> &)": no se pudo deducir el argumento plantilla para "const std::istreambuf_iterator<_Elem,_Traits> &" de "std::string"
      C:\Program Files\Microsoft Visual Studio\2022\Community\VC\Tools\MSVC\14.44.35207\include\iterator(304,17):
      o       'bool std::operator ==(const std::istream_iterator<_Ty,_Elem,_Traits,_Diff> &,const std::istream_iterator<_Ty,_Elem,_Traits,_Diff> &) noexcept'
          C:\Users\ailem\OneDrive\Documentos\GitHub\Proyecto_1_Gimnasio_PowerLab\Project1\vecClientes.cpp(60,29):
          "bool std::operator ==(const std::istream_iterator<_Ty,_Elem,_Traits,_Diff> &,const std::istream_iterator<_Ty,_Elem,_Traits,_Diff> &) noexcept": no se pudo deducir el argumento plantilla para "const std::istream_iterator<_Ty,_Elem,_Traits,_Diff> &" de "std::string"
      C:\Program Files\Microsoft Visual Studio\2022\Community\VC\Tools\MSVC\14.44.35207\include\xutility(4458,30):
      o       'bool std::operator ==(const std::move_iterator<_Iter> &,const std::move_iterator<_Iter2> &) noexcept(<expr>)'
          C:\Users\ailem\OneDrive\Documentos\GitHub\Proyecto_1_Gimnasio_PowerLab\Project1\vecClientes.cpp(60,29):
          "bool std::operator ==(const std::move_iterator<_Iter> &,const std::move_iterator<_Iter2> &) noexcept(<expr>)": no se pudo deducir el argumento plantilla para "const std::move_iterator<_Iter> &" de "std::string"
      C:\Program Files\Microsoft Visual Studio\2022\Community\VC\Tools\MSVC\14.44.35207\include\xutility(1896,30):
      o       'bool std::operator ==(const std::reverse_iterator<_BidIt> &,const std::reverse_iterator<_BidIt2> &) noexcept(<expr>)'
          C:\Users\ailem\OneDrive\Documentos\GitHub\Proyecto_1_Gimnasio_PowerLab\Project1\vecClientes.cpp(60,29):
          "bool std::operator ==(const std::reverse_iterator<_BidIt> &,const std::reverse_iterator<_BidIt2> &) noexcept(<expr>)": no se pudo deducir el argumento plantilla para "const std::reverse_iterator<_BidIt> &" de "std::string"
      C:\Program Files\Microsoft Visual Studio\2022\Community\VC\Tools\MSVC\14.44.35207\include\utility(503,27):
      o       'bool std::operator ==(const std::pair<_Ty1,_Ty2> &,const std::pair<_Uty1,_Uty2> &)'
          C:\Users\ailem\OneDrive\Documentos\GitHub\Proyecto_1_Gimnasio_PowerLab\Project1\vecClientes.cpp(60,29):
          "bool std::operator ==(const std::pair<_Ty1,_Ty2> &,const std::pair<_Uty1,_Uty2> &)": no se pudo deducir el argumento plantilla para "const std::pair<_Ty1,_Ty2> &" de "std::string"
  
  Generando código...
