c:\users\ailem\onedrive\documentos\github\proyecto_1_gimnasio_powerlab\project1\x64\debug\vc143.pdb
c:\users\ailem\onedrive\documentos\github\proyecto_1_gimnasio_powerlab\project1\x64\debug\vc143.idb
c:\users\ailem\onedrive\documentos\github\proyecto_1_gimnasio_powerlab\project1\x64\debug\vecclasesgrupales.obj
c:\users\ailem\onedrive\documentos\github\proyecto_1_gimnasio_powerlab\project1\x64\debug\utiles.obj
c:\users\ailem\onedrive\documentos\github\proyecto_1_gimnasio_powerlab\project1\x64\debug\sucursal.obj
c:\users\ailem\onedrive\documentos\github\proyecto_1_gimnasio_powerlab\project1\x64\debug\submenusucursales.obj
c:\users\ailem\onedrive\documentos\github\proyecto_1_gimnasio_powerlab\project1\x64\debug\rutina.obj
c:\users\ailem\onedrive\documentos\github\proyecto_1_gimnasio_powerlab\project1\x64\debug\reportem.obj
c:\users\ailem\onedrive\documentos\github\proyecto_1_gimnasio_powerlab\project1\x64\debug\persona.obj
c:\users\ailem\onedrive\documentos\github\proyecto_1_gimnasio_powerlab\project1\x64\debug\powerlab.obj
c:\users\ailem\onedrive\documentos\github\proyecto_1_gimnasio_powerlab\project1\x64\debug\medicion.obj
c:\users\ailem\onedrive\documentos\github\proyecto_1_gimnasio_powerlab\project1\x64\debug\main.obj
c:\users\ailem\onedrive\documentos\github\proyecto_1_gimnasio_powerlab\project1\x64\debug\instructor.obj
c:\users\ailem\onedrive\documentos\github\proyecto_1_gimnasio_powerlab\project1\x64\debug\fecha.obj
c:\users\ailem\onedrive\documentos\github\proyecto_1_gimnasio_powerlab\project1\x64\debug\especialidad.obj
c:\users\ailem\onedrive\documentos\github\proyecto_1_gimnasio_powerlab\project1\x64\debug\ejercicio.obj
c:\users\ailem\onedrive\documentos\github\proyecto_1_gimnasio_powerlab\project1\x64\debug\cliente.obj
c:\users\ailem\onedrive\documentos\github\proyecto_1_gimnasio_powerlab\project1\x64\debug\clasegrupal.obj
c:\users\ailem\onedrive\documentos\github\proyecto_1_gimnasio_powerlab\project1\x64\debug\bateriaejercicios.obj
c:\users\ailem\onedrive\documentos\github\proyecto_1_gimnasio_powerlab\project1\x64\debug\vecsucursales.obj
c:\users\ailem\onedrive\documentos\github\proyecto_1_gimnasio_powerlab\project1\x64\debug\vecreportesm.obj
c:\users\ailem\onedrive\documentos\github\proyecto_1_gimnasio_powerlab\project1\x64\debug\vecinstructores.obj
c:\users\ailem\onedrive\documentos\github\proyecto_1_gimnasio_powerlab\project1\x64\debug\vecespecialidades.obj
c:\users\ailem\onedrive\documentos\github\proyecto_1_gimnasio_powerlab\project1\x64\debug\vecclientes.obj
c:\users\ailem\onedrive\documentos\github\proyecto_1_gimnasio_powerlab\project1\x64\debug\project1.tlog\cl.command.1.tlog
c:\users\ailem\onedrive\documentos\github\proyecto_1_gimnasio_powerlab\project1\x64\debug\project1.tlog\cl.read.1.tlog
c:\users\ailem\onedrive\documentos\github\proyecto_1_gimnasio_powerlab\project1\x64\debug\project1.tlog\cl.write.1.tlog
